


ARM Macro Assembler    Page 1 


    1 00000000         ;  *********************************************
    2 00000000         ;  File:        setclock.s
    3 00000000         ;  Title:       setup for external XTAL clock
    4 00000000         ;  Purpose:     LM3S9D96-DK
    5 00000000         ;  Business:    HSA Elektrotechnik
    6 00000000         ;  Compiler:    MDK-ARM
    7 00000000         ;  Author/Date: Franz Haunstetter / 06.09.13
    8 00000000         ;  Comment:     new
    9 00000000         ;  *********************************************
   10 00000000         
   11 00000000 400FE060 
                       SYSCTL_RCC_R
                               EQU              0x400FE060  ; Main run-mode clo
                                                            ck config register
   12 00000000 07800000 
                       SYSCTL_RCC_SYSDIV_M
                               EQU              0x07800000  ; System Clock Divi
                                                            sor
   13 00000000 00400000 
                       SYSCTL_RCC_USESYSDIV
                               EQU              0x00400000  ; Enable System Clo
                                                            ck Divider
   14 00000000 00000017 
                       SYSCTL_RCC_SYSDIV_S
                               EQU              23          ; System Clock Divi
                                                            der shift
   15 00000000 00002000 
                       SYSCTL_RCC_PWRDN
                               EQU              0x00002000  ; PLL Power Down
   16 00000000 00000800 
                       SYSCTL_RCC_BYPASS
                               EQU              0x00000800  ; PLL Bypass
   17 00000000 000007C0 
                       SYSCTL_RCC_XTAL_M
                               EQU              0x000007C0  ; Crystal Value
   18 00000000 00000540 
                       SYSCTL_RCC_XTAL_16MHZ
                               EQU              0x00000540  ; 16 MHz
   19 00000000 00000030 
                       SYSCTL_RCC_OSCSRC_M
                               EQU              0x00000030  ; Oscillator Source
                                                            
   20 00000000 00000000 
                       SYSCTL_RCC_OSCSRC_MAIN
                               EQU              0x00000000  ; MOSC
   21 00000000 00000002 
                       SYSCTL_RCC_IOSCDIS
                               EQU              0x00000002  ; Internal Oscillat
                                                            or Disable
   22 00000000 00000001 
                       SYSCTL_RCC_MOSCDIS
                               EQU              0x00000001  ; Main Oscillator D
                                                            isable
   23 00000000         
   24 00000000 400FE070 
                       SYSCTL_RCC2_R
                               EQU              0x400FE070  ; 2nd run-mode cloc
                                                            k config register
   25 00000000 80000000 



ARM Macro Assembler    Page 2 


                       SYSCTL_RCC2_USERCC2
                               EQU              0x80000000  ; Use RCC2
   26 00000000 00000800 
                       SYSCTL_RCC2_BYPASS2
                               EQU              0x00000800  ; PLL Bypass 2
   27 00000000         
   28 00000000         ;*******************************************************
                       ***********************
   29 00000000         ;
   30 00000000         ; Place code into the standard code section.
   31 00000000         ;
   32 00000000         ;*******************************************************
                       ***********************
   33 00000000                 AREA             CLOCK, CODE, READONLY
   34 00000000                 THUMB
   35 00000000         
   36 00000000                 EXPORT           SetClockXTAL
   37 00000000         SetClockXTAL
   38 00000000         ;
   39 00000000         ; Sets the external clock source for synchronizing the s
                       ystem clock
   40 00000000         ; by disabling RCC2 and setting RCC for PLL 16 MHz -> 40
                       0 MHz -> 66.7 MHz output
   41 00000000         ;
   42 00000000 4809            LDR              R0, = SYSCTL_RCC_R
   43 00000002 6801            LDR              R1, [R0]
   44 00000004 F421 513F       AND              R1, #:NOT:(SYSCTL_RCC_XTAL_M:OR
:SYSCTL_RCC_BYPASS:OR:SYSCTL_RCC_PWRDN)
   45 00000008 F021 0131       AND              R1, #:NOT:(SYSCTL_RCC_OSCSRC_M:
OR:SYSCTL_RCC_MOSCDIS)
   46 0000000C F021 61F0       AND              R1, #:NOT:(SYSCTL_RCC_SYSDIV_M)
   47 00000010 F041 71A0       ORR              R1, #(2:SHL:SYSCTL_RCC_SYSDIV_S
):OR:SYSCTL_RCC_USESYSDIV
   48 00000014 F441 61A8       ORR              R1, #SYSCTL_RCC_OSCSRC_MAIN:OR:
SYSCTL_RCC_XTAL_16MHZ
   49 00000018 6001            STR              R1, [R0]
   50 0000001A         
   51 0000001A 4804            LDR              R0, = SYSCTL_RCC2_R
   52 0000001C 6801            LDR              R1, [R0]
   53 0000001E F021 4100       AND              R1, #:NOT:SYSCTL_RCC2_USERCC2
   54 00000022 6001            STR              R1, [R0]
   55 00000024         
   56 00000024 4770            BX               LR
   57 00000026         
   58 00000026         ;*******************************************************
                       ***********************
   59 00000026         ;
   60 00000026         ; Make sure the end of this section is aligned.
   61 00000026         ;
   62 00000026         ;*******************************************************
                       ***********************
   63 00000026 00 00           ALIGN
   64 00000028         
   65 00000028         ;*******************************************************
                       ***********************
   66 00000028         ;
   67 00000028         ; Tell the assembler that we're done.
   68 00000028         ;
   69 00000028         ;*******************************************************



ARM Macro Assembler    Page 3 


                       ***********************
   70 00000028                 END
              400FE060 
              400FE070 
Command Line: --debug --xref --cpu=Cortex-M3 --apcs=interwork --depend=..\obj\s
etclock.d -o..\obj\setclock.o -IC:\Keil\ARM\RV31\INC -IC:\Keil\ARM\CMSIS\Includ
e -IC:\Keil\ARM\Inc\Luminary --predefine="__EVAL SETA 1" --list=..\doc\setclock
.lst setclock.s



ARM Macro Assembler    Page 1 Alphabetic symbol ordering
Relocatable symbols

CLOCK 00000000

Symbol: CLOCK
   Definitions
      At line 33 in file setclock.s
   Uses
      None
Comment: CLOCK unused
SetClockXTAL 00000000

Symbol: SetClockXTAL
   Definitions
      At line 37 in file setclock.s
   Uses
      At line 36 in file setclock.s
Comment: SetClockXTAL used once
2 symbols



ARM Macro Assembler    Page 1 Alphabetic symbol ordering
Absolute symbols

SYSCTL_RCC2_BYPASS2 00000800

Symbol: SYSCTL_RCC2_BYPASS2
   Definitions
      At line 26 in file setclock.s
   Uses
      None
Comment: SYSCTL_RCC2_BYPASS2 unused
SYSCTL_RCC2_R 400FE070

Symbol: SYSCTL_RCC2_R
   Definitions
      At line 24 in file setclock.s
   Uses
      At line 51 in file setclock.s
Comment: SYSCTL_RCC2_R used once
SYSCTL_RCC2_USERCC2 80000000

Symbol: SYSCTL_RCC2_USERCC2
   Definitions
      At line 25 in file setclock.s
   Uses
      At line 53 in file setclock.s
Comment: SYSCTL_RCC2_USERCC2 used once
SYSCTL_RCC_BYPASS 00000800

Symbol: SYSCTL_RCC_BYPASS
   Definitions
      At line 16 in file setclock.s
   Uses
      At line 44 in file setclock.s
Comment: SYSCTL_RCC_BYPASS used once
SYSCTL_RCC_IOSCDIS 00000002

Symbol: SYSCTL_RCC_IOSCDIS
   Definitions
      At line 21 in file setclock.s
   Uses
      None
Comment: SYSCTL_RCC_IOSCDIS unused
SYSCTL_RCC_MOSCDIS 00000001

Symbol: SYSCTL_RCC_MOSCDIS
   Definitions
      At line 22 in file setclock.s
   Uses
      At line 45 in file setclock.s
Comment: SYSCTL_RCC_MOSCDIS used once
SYSCTL_RCC_OSCSRC_M 00000030

Symbol: SYSCTL_RCC_OSCSRC_M
   Definitions
      At line 19 in file setclock.s
   Uses
      At line 45 in file setclock.s
Comment: SYSCTL_RCC_OSCSRC_M used once
SYSCTL_RCC_OSCSRC_MAIN 00000000

Symbol: SYSCTL_RCC_OSCSRC_MAIN



ARM Macro Assembler    Page 2 Alphabetic symbol ordering
Absolute symbols

   Definitions
      At line 20 in file setclock.s
   Uses
      At line 48 in file setclock.s
Comment: SYSCTL_RCC_OSCSRC_MAIN used once
SYSCTL_RCC_PWRDN 00002000

Symbol: SYSCTL_RCC_PWRDN
   Definitions
      At line 15 in file setclock.s
   Uses
      At line 44 in file setclock.s
Comment: SYSCTL_RCC_PWRDN used once
SYSCTL_RCC_R 400FE060

Symbol: SYSCTL_RCC_R
   Definitions
      At line 11 in file setclock.s
   Uses
      At line 42 in file setclock.s
Comment: SYSCTL_RCC_R used once
SYSCTL_RCC_SYSDIV_M 07800000

Symbol: SYSCTL_RCC_SYSDIV_M
   Definitions
      At line 12 in file setclock.s
   Uses
      At line 46 in file setclock.s
Comment: SYSCTL_RCC_SYSDIV_M used once
SYSCTL_RCC_SYSDIV_S 00000017

Symbol: SYSCTL_RCC_SYSDIV_S
   Definitions
      At line 14 in file setclock.s
   Uses
      At line 47 in file setclock.s
Comment: SYSCTL_RCC_SYSDIV_S used once
SYSCTL_RCC_USESYSDIV 00400000

Symbol: SYSCTL_RCC_USESYSDIV
   Definitions
      At line 13 in file setclock.s
   Uses
      At line 47 in file setclock.s
Comment: SYSCTL_RCC_USESYSDIV used once
SYSCTL_RCC_XTAL_16MHZ 00000540

Symbol: SYSCTL_RCC_XTAL_16MHZ
   Definitions
      At line 18 in file setclock.s
   Uses
      At line 48 in file setclock.s
Comment: SYSCTL_RCC_XTAL_16MHZ used once
SYSCTL_RCC_XTAL_M 000007C0

Symbol: SYSCTL_RCC_XTAL_M
   Definitions
      At line 17 in file setclock.s
   Uses



ARM Macro Assembler    Page 3 Alphabetic symbol ordering
Absolute symbols

      At line 44 in file setclock.s
Comment: SYSCTL_RCC_XTAL_M used once
15 symbols
350 symbols in table
